<?xml version="1.0" encoding="UTF-8"?>
<testng-results ignored="0" total="1" passed="1" failed="0" skipped="0">
  <reporter-output>
  </reporter-output>
  <suite started-at="2025-10-13T10:21:52 IST" name="Default suite" finished-at="2025-10-13T10:21:56 IST" duration-ms="4507">
    <groups>
    </groups>
    <test started-at="2025-10-13T10:21:52 IST" name="Default test" finished-at="2025-10-13T10:21:56 IST" duration-ms="4507">
      <class name="testCases.LoginPage">
        <test-method is-config="true" signature="launchBrowser()[pri:0, instance:testCases.LoginPage@6f19ac19]" started-at="2025-10-13T10:21:41 IST" name="launchBrowser" finished-at="2025-10-13T10:21:52 IST" duration-ms="10790" status="PASS">
          <reporter-output>
          </reporter-output>
        </test-method> <!-- launchBrowser -->
        <test-method signature="loginSuccess()[pri:0, instance:testCases.LoginPage@6f19ac19]" started-at="2025-10-13T10:21:52 IST" name="loginSuccess" finished-at="2025-10-13T10:21:56 IST" duration-ms="4433" status="PASS">
          <reporter-output>
          </reporter-output>
        </test-method> <!-- loginSuccess -->
        <test-method is-config="true" signature="tearDown()[pri:0, instance:testCases.LoginPage@6f19ac19]" started-at="2025-10-13T10:21:56 IST" name="tearDown" finished-at="2025-10-13T10:21:57 IST" duration-ms="481" status="PASS">
          <reporter-output>
          </reporter-output>
        </test-method> <!-- tearDown -->
      </class> <!-- testCases.LoginPage -->
    </test> <!-- Default test -->
  </suite> <!-- Default suite -->
</testng-results>
